<?xml version="1.0" encoding="UTF-8"?>
<!-- Generated by org.testng.reporters.JUnitXMLReporter -->
<testsuite hostname="LAPTOP-1A1SGFLK" name="Test2" tests="3" failures="0" timestamp="25 May 2017 03:49:48 GMT" time="216.862" errors="0">
  <testcase name="editLead1" time="48.935" classname="project1.EditLead"/>
  <testcase name="duplicateLead1" time="86.081" classname="project1.DuplicateLead"/>
  <testcase name="deleteLead1" time="88.605" classname="project1.DeleteLead"/>
</testsuite> <!-- Test2 -->
